{
"contracts/Registration.sol":{"l":{"7":3,"20":4,"21":2,"29":2,"30":2,"34":5,"38":1},"path":"/home/moio/Área de Trabalho/block-c-h-a-in/novoTeste3002/app/contracts/Registration.sol","s":{"1":3,"2":4,"3":2,"4":2,"5":5,"6":1},"b":{"1":[2,2],"2":[1,4]},"f":{"1":3,"2":4,"3":2,"4":5},"fnMap":{"1":{"name":"constructor","line":6,"loc":{"start":{"line":6,"column":2},"end":{"line":8,"column":2}}},"2":{"name":"onlyOwner","line":19,"loc":{"start":{"line":19,"column":4},"end":{"line":22,"column":4}}},"3":{"name":"registerUser","line":28,"loc":{"start":{"line":24,"column":4},"end":{"line":31,"column":4}}},"4":{"name":"send","line":33,"loc":{"start":{"line":33,"column":4},"end":{"line":39,"column":4}}}},"statementMap":{"1":{"start":{"line":7,"column":4},"end":{"line":7,"column":21}},"2":{"start":{"line":20,"column":8},"end":{"line":20,"column":70}},"3":{"start":{"line":29,"column":8},"end":{"line":29,"column":48}},"4":{"start":{"line":30,"column":8},"end":{"line":30,"column":43}},"5":{"start":{"line":34,"column":8},"end":{"line":34,"column":792}},"6":{"start":{"line":38,"column":8},"end":{"line":38,"column":41}}},"branchMap":{"1":{"line":20,"type":"if","locations":[{"start":{"line":20,"column":8},"end":{"line":20,"column":8}},{"start":{"line":20,"column":8},"end":{"line":20,"column":8}}]},"2":{"line":34,"type":"if","locations":[{"start":{"line":34,"column":8},"end":{"line":34,"column":8}},{"start":{"line":34,"column":8},"end":{"line":34,"column":8}}]}}}}
